
Showing logs for build [32mcb-kubecd-environment-pr-183-11-ks59r-1[0m stage [32mfrom-build-pack[0m and container [32mstep-credential-initializer-wpr8m[0m
{"level":"warn","ts":1584388369.941439,"logger":"fallback-logger","caller":"logging/config.go:69","msg":"Fetch GitHub commit ID from kodata failed: \"ref: refs/heads/0.8.0-**-support-backwards-incompats\" is not a valid GitHub commit ID"}
{"level":"info","ts":1584388369.9417193,"logger":"fallback-logger","caller":"creds-init/main.go:40","msg":"Credentials initialized."}

Showing logs for build [32mcb-kubecd-environment-pr-183-11-ks59r-1[0m stage [32mfrom-build-pack[0m and container [32mstep-working-dir-initializer-bf66r[0m
{"level":"warn","ts":1584388370.281662,"logger":"fallback-logger","caller":"logging/config.go:69","msg":"Fetch GitHub commit ID from kodata failed: open /var/run/ko/HEAD: no such file or directory"}
{"level":"info","ts":1584388370.2823367,"logger":"fallback-logger","caller":"bash/main.go:64","msg":"Successfully executed command \"sh -c mkdir -p /workspace/source\"; output "}

Showing logs for build [32mcb-kubecd-environment-pr-183-11-ks59r-1[0m stage [32mfrom-build-pack[0m and container [32mstep-place-tools[0m

Showing logs for build [32mcb-kubecd-environment-pr-183-11-ks59r-1[0m stage [32mfrom-build-pack[0m and container [32mstep-git-source-cb-kubecd-environment-pr-183-11-ks59r-4djqw[0m
{"level":"warn","ts":1584388374.5117052,"logger":"fallback-logger","caller":"logging/config.go:69","msg":"Fetch GitHub commit ID from kodata failed: \"ref: refs/heads/0.8.0-**-support-backwards-incompats\" is not a valid GitHub commit ID"}
{"level":"info","ts":1584388374.6689806,"logger":"fallback-logger","caller":"git/git.go:103","msg":"Successfully cloned https://github.com/cb-kubecd/environment-pr-183-11-boot-eks-staging.git @ master in path /workspace/source"}

Showing logs for build [32mcb-kubecd-environment-pr-183-11-ks59r-1[0m stage [32mfrom-build-pack[0m and container [32mstep-git-merge[0m
Using SHAs from PULL_REFS=master:80863360dd6c7bce9e27937a3869c148fd84a4be,3:3b3361107693e2e1e36610242ce696bc1823bc8e
DEBUG: LC_ALL=C JX_LOG_LEVEL=error git fetch origin --unshallow 3b3361107693e2e1e36610242ce696bc1823bc8e: 80863360dd6c7bce9e27937a3869c148fd84a4be:
DEBUG: ran git fetch --unshallow origin 3b3361107693e2e1e36610242ce696bc1823bc8e: 80863360dd6c7bce9e27937a3869c148fd84a4be: in 
DEBUG: JX_LOG_LEVEL=error LC_ALL=C git branch
DEBUG: LC_ALL=C JX_LOG_LEVEL=error git checkout master
DEBUG: ran git checkout master in 
DEBUG: LC_ALL=C JX_LOG_LEVEL=error git reset --hard 80863360dd6c7bce9e27937a3869c148fd84a4be
DEBUG: ran git reset --hard 80863360dd6c7bce9e27937a3869c148fd84a4be in 
DEBUG: LC_ALL=C JX_LOG_LEVEL=error git clean -fd .
DEBUG: ran clean --force -d . in 
DEBUG: JX_LOG_LEVEL=error LC_ALL=C git merge 3b3361107693e2e1e36610242ce696bc1823bc8e
DEBUG: ran git merge 3b3361107693e2e1e36610242ce696bc1823bc8e in 
DEBUG: LC_ALL=C JX_LOG_LEVEL=error git log --format=%H%x1f%an%x1f%ae%x1f%cn%x1f%ce%x1f%s%n%b%x1e 80863360dd6c7bce9e27937a3869c148fd84a4be..HEAD
Merged SHA 3b3361107693e2e1e36610242ce696bc1823bc8e with commit message 'chore: Promote bdd-nh-1584385709 to version 0.0.1' into base branch master

Showing logs for build [32mcb-kubecd-environment-pr-183-11-ks59r-1[0m stage [32mfrom-build-pack[0m and container [32mstep-build-helm-build[0m
WARNING: No $CHART_REPOSITORY defined so using the default value of: http://jenkins-x-chartmuseum:8080
Adding missing Helm repo: storage.googleapis.com https://storage.googleapis.com/chartmuseum.jenkins-x.io
WARNING: No secrets found on "helm/repos" due: reading the secret "helm/repos" from vault: no secret "helm/repos" not found in vault
Read credentials for https://storage.googleapis.com/chartmuseum.jenkins-x.io from vault helm/repos
Successfully added Helm repository storage.googleapis.com.
Adding missing Helm repo: jenkins-x-chartmuseum http://jenkins-x-chartmuseum:8080
WARNING: No secrets found on "helm/repos" due: reading the secret "helm/repos" from vault: no secret "helm/repos" not found in vault
Read credentials for http://jenkins-x-chartmuseum:8080 from vault helm/repos
Successfully added Helm repository jenkins-x-chartmuseum.
WARNING: No $CHART_REPOSITORY defined so using the default value of: http://jenkins-x-chartmuseum:8080
Adding missing Helm repo: chartmuseum.jenkins-x.io http://chartmuseum.jenkins-x.io
WARNING: No secrets found on "helm/repos" due: reading the secret "helm/repos" from vault: no secret "helm/repos" not found in vault
Read credentials for http://chartmuseum.jenkins-x.io from vault helm/repos
Successfully added Helm repository chartmuseum.jenkins-x.io.
